<?xml version="1.0" encoding="UTF-8"?>
<!-- Generated by org.testng.reporters.JUnitXMLReporter -->
<testsuite hostname="DESKTOP-9JOCDRT" ignored="0" name="Default test" tests="5" failures="0" timestamp="2022-06-16T18:13:54 BOT" time="0.036" errors="0">
  <testcase name="afterTimeSkip" time="0.005" classname="test_cases_testng.OnePiece"/>
  <testcase name="beforeTimeSkip" time="0.0" classname="test_cases_testng.OnePiece"/>
  <testcase name="gearFive" time="0.001" classname="test_cases_testng.OnePiece"/>
  <testcase name="gearFive" time="0.001" classname="test_cases_testng.OnePiece"/>
  <testcase name="gearFive" time="0.001" classname="test_cases_testng.OnePiece"/>
</testsuite> <!-- Default test -->
