<?xml version="1.0" encoding="UTF-8"?>
<!-- Generated by org.testng.reporters.JUnitXMLReporter -->
<testsuite ignored="0" hostname="DESKTOP-9JOCDRT" failures="0" tests="4" name="Default test" time="0.039" errors="0" timestamp="2022-06-04T10:28:08 BOT">
  <testcase classname="test_cases.JavaStreams" name="regular" time="0.005"/>
  <testcase classname="test_cases.JavaStreams" name="streamCollect" time="0.003"/>
  <testcase classname="test_cases.JavaStreams" name="streamFilter" time="0.002"/>
  <testcase classname="test_cases.JavaStreams" name="streamMap" time="0.003"/>
</testsuite> <!-- Default test -->
