<?xml version="1.0" encoding="UTF-8"?>
<!-- Generated by org.testng.reporters.JUnitXMLReporter -->
<testsuite hostname="DESKTOP-9JOCDRT" ignored="0" name="Packages Scenario" tests="13" failures="0" timestamp="2022-06-11T00:24:41 BOT" time="0.04" errors="0">
  <testcase name="cellSaga" time="0.005" classname="test_cases_testng.DragonBall"/>
  <testcase name="freezerSaga" time="0.0" classname="test_cases_testng.DragonBall"/>
  <testcase name="majinBuuSaga" time="0.0" classname="test_cases_testng.DragonBall"/>
  <testcase name="test1" time="0.001" classname="test_cases_testng.Example1"/>
  <testcase name="test2" time="0.0" classname="test_cases_testng.Example1"/>
  <testcase name="test3" time="0.0" classname="test_cases_testng.Example2"/>
  <testcase name="test4" time="0.0" classname="test_cases_testng.Example2"/>
  <testcase name="leeTrainer" time="0.0" classname="test_cases_testng.NarutoShippuden"/>
  <testcase name="narutoBestFriend" time="0.0" classname="test_cases_testng.NarutoShippuden"/>
  <testcase name="narutoFood" time="0.001" classname="test_cases_testng.NarutoShippuden"/>
  <testcase name="narutoTrainer" time="0.001" classname="test_cases_testng.NarutoShippuden"/>
  <testcase name="afterTimeSkip" time="0.0" classname="test_cases_testng.OnePiece"/>
  <testcase name="beforeTimeSkip" time="0.0" classname="test_cases_testng.OnePiece"/>
</testsuite> <!-- Packages Scenario -->
