<?xml version="1.0" encoding="UTF-8"?>
<!-- Generated by org.testng.reporters.JUnitXMLReporter -->
<testsuite hostname="DESKTOP-9JOCDRT" ignored="2" name="Smoke Scenario" tests="4" failures="0" timestamp="2022-06-11T13:55:09 BOT" time="0.034" errors="0">
  <testcase name="test1" time="0.005" classname="test_cases_testng.Example1"/>
  <testcase name="test3" time="0.001" classname="test_cases_testng.Example2"/>
  <testcase name="test4" time="0.001" classname="test_cases_testng.Example2"/>
  <testcase name="afterTimeSkip" time="0.001" classname="test_cases_testng.OnePiece"/>
  <testcase name="test2" time="0.0" classname="test_cases_testng.Example1">
    <ignored/>
  </testcase> <!-- test2 -->
  <testcase name="beforeTimeSkip" time="0.0" classname="test_cases_testng.OnePiece">
    <ignored/>
  </testcase> <!-- beforeTimeSkip -->
</testsuite> <!-- Smoke Scenario -->
