<?xml version="1.0" encoding="UTF-8"?>
<!-- Generated by org.testng.reporters.JUnitXMLReporter -->
<testsuite hostname="DESKTOP-9JOCDRT" ignored="4" name="Smoke Scenario" tests="4" failures="0" timestamp="2022-06-11T14:31:22 BOT" time="0.034" errors="0">
  <testcase name="test1" time="0.004" classname="test_cases_testng.Example1"/>
  <testcase name="test3" time="0.0" classname="test_cases_testng.Example2"/>
  <testcase name="test4" time="0.0" classname="test_cases_testng.Example2"/>
  <testcase name="afterTimeSkip" time="0.0" classname="test_cases_testng.OnePiece"/>
  <testcase name="test2" time="0.0" classname="test_cases_testng.Example1">
    <ignored/>
  </testcase> <!-- test2 -->
  <testcase name="test5" time="0.0" classname="test_cases_testng.Example2">
    <ignored/>
  </testcase> <!-- test5 -->
  <testcase name="test6" time="0.0" classname="test_cases_testng.Example2">
    <ignored/>
  </testcase> <!-- test6 -->
  <testcase name="beforeTimeSkip" time="0.0" classname="test_cases_testng.OnePiece">
    <ignored/>
  </testcase> <!-- beforeTimeSkip -->
</testsuite> <!-- Smoke Scenario -->
