<?xml version="1.0" encoding="UTF-8"?>
<!-- Generated by org.testng.reporters.JUnitXMLReporter -->
<testsuite hostname="DESKTOP-9JOCDRT" ignored="6" name="Anime Scenario" tests="6" failures="0" timestamp="2022-06-16T18:56:36 BOT" time="0.032" errors="0">
  <testcase name="afterTimeSkip" time="0.003" classname="test_cases_testng.OnePiece"/>
  <testcase name="gearFive" time="0.0" classname="test_cases_testng.OnePiece"/>
  <testcase name="gearFive" time="0.001" classname="test_cases_testng.OnePiece"/>
  <testcase name="gearFive" time="0.001" classname="test_cases_testng.OnePiece"/>
  <testcase name="cellSaga" time="0.0" classname="test_cases_testng.DragonBall"/>
  <testcase name="leeTrainer" time="0.0" classname="test_cases_testng.NarutoShippuden"/>
  <testcase name="majinBuuSaga" time="0.0" classname="test_cases_testng.DragonBall">
    <ignored/>
  </testcase> <!-- majinBuuSaga -->
  <testcase name="narutoBestFriend" time="0.0" classname="test_cases_testng.NarutoShippuden">
    <ignored/>
  </testcase> <!-- narutoBestFriend -->
  <testcase name="beforeTimeSkip" time="0.0" classname="test_cases_testng.OnePiece">
    <ignored/>
  </testcase> <!-- beforeTimeSkip -->
  <testcase name="narutoTrainer" time="0.0" classname="test_cases_testng.NarutoShippuden">
    <ignored/>
  </testcase> <!-- narutoTrainer -->
  <testcase name="freezerSaga" time="0.0" classname="test_cases_testng.DragonBall">
    <ignored/>
  </testcase> <!-- freezerSaga -->
  <testcase name="narutoFood" time="0.0" classname="test_cases_testng.NarutoShippuden">
    <ignored/>
  </testcase> <!-- narutoFood -->
</testsuite> <!-- Anime Scenario -->
