<?xml version="1.0" encoding="UTF-8"?>
<!-- Generated by org.testng.reporters.JUnitXMLReporter -->
<testsuite hostname="DESKTOP-9JOCDRT" ignored="2" name="Anime Scenario" tests="2" failures="0" timestamp="2022-06-10T23:52:57 BOT" time="0.003" errors="0">
  <testcase name="afterTimeSkip" time="0.0" classname="test_cases_testng.OnePiece"/>
  <testcase name="cellSaga" time="0.0" classname="test_cases_testng.DragonBall"/>
  <testcase name="majinBuuSaga" time="0.0" classname="test_cases_testng.DragonBall">
    <ignored/>
  </testcase> <!-- majinBuuSaga -->
  <testcase name="beforeTimeSkip" time="0.0" classname="test_cases_testng.OnePiece">
    <ignored/>
  </testcase> <!-- beforeTimeSkip -->
</testsuite> <!-- Anime Scenario -->
