<?xml version="1.0" encoding="UTF-8"?>
<!-- Generated by org.testng.reporters.JUnitXMLReporter -->
<testsuite hostname="DESKTOP-9JOCDRT" ignored="0" name="Example Scenario" tests="4" failures="0" timestamp="2022-06-11T00:45:17 BOT" time="0.025" errors="0">
  <testcase name="test1" time="0.003" classname="test_cases_testng.Example1"/>
  <testcase name="test2" time="0.0" classname="test_cases_testng.Example1"/>
  <testcase name="test3" time="0.001" classname="test_cases_testng.Example2"/>
  <testcase name="test4" time="0.001" classname="test_cases_testng.Example2"/>
</testsuite> <!-- Example Scenario -->
