<?xml version="1.0" encoding="UTF-8"?>
<!-- Generated by org.testng.reporters.JUnitXMLReporter -->
<testsuite hostname="DESKTOP-9JOCDRT" ignored="1" name="Example Scenario" tests="5" failures="0" timestamp="2022-06-16T18:49:20 BOT" time="0.03" errors="0">
  <testcase name="test1" time="0.003" classname="test_cases_testng.Example1"/>
  <testcase name="test2" time="0.0" classname="test_cases_testng.Example1"/>
  <testcase name="test3" time="0.001" classname="test_cases_testng.Example2"/>
  <testcase name="test6" time="0.001" classname="test_cases_testng.Example2"/>
  <testcase name="test4" time="0.001" classname="test_cases_testng.Example2"/>
  <testcase name="test5" time="0.0" classname="test_cases_testng.Example2">
    <ignored/>
  </testcase> <!-- test5 -->
</testsuite> <!-- Example Scenario -->
