<?xml version="1.0" encoding="UTF-8"?>
<testng-results skipped="0" failed="0" ignored="2" total="8" passed="6">
  <reporter-output>
  </reporter-output>
  <suite name="JenkinsRegression" duration-ms="54" started-at="2022-06-10T23:52:57 BOT" finished-at="2022-06-10T23:52:57 BOT">
    <groups>
    </groups>
    <test name="Example Scenario" duration-ms="32" started-at="2022-06-10T23:52:57 BOT" finished-at="2022-06-10T23:52:57 BOT">
      <class name="test_cases_testng.Example2">
        <test-method status="PASS" signature="test3()[pri:0, instance:test_cases_testng.Example2@e874448]" name="test3" duration-ms="1" started-at="2022-06-10T23:52:57 BOT" finished-at="2022-06-10T23:52:57 BOT">
          <reporter-output>
          </reporter-output>
        </test-method> <!-- test3 -->
        <test-method status="PASS" signature="test4()[pri:0, instance:test_cases_testng.Example2@e874448]" name="test4" duration-ms="1" started-at="2022-06-10T23:52:57 BOT" finished-at="2022-06-10T23:52:57 BOT">
          <reporter-output>
          </reporter-output>
        </test-method> <!-- test4 -->
      </class> <!-- test_cases_testng.Example2 -->
      <class name="test_cases_testng.Example1">
        <test-method status="PASS" signature="test1()[pri:0, instance:test_cases_testng.Example1@2c039ac6]" name="test1" duration-ms="4" started-at="2022-06-10T23:52:57 BOT" finished-at="2022-06-10T23:52:57 BOT">
          <reporter-output>
          </reporter-output>
        </test-method> <!-- test1 -->
        <test-method status="PASS" signature="test2()[pri:0, instance:test_cases_testng.Example1@2c039ac6]" name="test2" duration-ms="0" started-at="2022-06-10T23:52:57 BOT" finished-at="2022-06-10T23:52:57 BOT">
          <reporter-output>
          </reporter-output>
        </test-method> <!-- test2 -->
      </class> <!-- test_cases_testng.Example1 -->
    </test> <!-- Example Scenario -->
    <test name="Anime Scenario" duration-ms="3" started-at="2022-06-10T23:52:57 BOT" finished-at="2022-06-10T23:52:57 BOT">
      <class name="test_cases_testng.OnePiece">
        <test-method status="PASS" signature="afterTimeSkip()[pri:0, instance:test_cases_testng.OnePiece@32eebfca]" name="afterTimeSkip" duration-ms="0" started-at="2022-06-10T23:52:57 BOT" finished-at="2022-06-10T23:52:57 BOT">
          <reporter-output>
          </reporter-output>
        </test-method> <!-- afterTimeSkip -->
      </class> <!-- test_cases_testng.OnePiece -->
      <class name="test_cases_testng.DragonBall">
        <test-method status="PASS" signature="cellSaga()[pri:0, instance:test_cases_testng.DragonBall@1d371b2d]" name="cellSaga" duration-ms="0" started-at="2022-06-10T23:52:57 BOT" finished-at="2022-06-10T23:52:57 BOT">
          <reporter-output>
          </reporter-output>
        </test-method> <!-- cellSaga -->
      </class> <!-- test_cases_testng.DragonBall -->
    </test> <!-- Anime Scenario -->
  </suite> <!-- JenkinsRegression -->
</testng-results>
