<?xml version="1.0" encoding="UTF-8"?>
<testng-results ignored="0" total="4" passed="4" failed="0" skipped="0">
  <reporter-output>
  </reporter-output>
  <suite started-at="2022-06-04T10:28:08 BOT" name="Default suite" finished-at="2022-06-04T10:28:08 BOT" duration-ms="39">
    <groups>
    </groups>
    <test started-at="2022-06-04T10:28:08 BOT" name="Default test" finished-at="2022-06-04T10:28:08 BOT" duration-ms="39">
      <class name="test_cases.JavaStreams">
        <test-method signature="regular()[pri:0, instance:test_cases.JavaStreams@446293d]" started-at="2022-06-04T10:28:08 BOT" name="regular" finished-at="2022-06-04T10:28:08 BOT" duration-ms="5" status="PASS">
          <reporter-output>
          </reporter-output>
        </test-method> <!-- regular -->
        <test-method signature="streamCollect()[pri:0, instance:test_cases.JavaStreams@446293d]" started-at="2022-06-04T10:28:08 BOT" name="streamCollect" finished-at="2022-06-04T10:28:08 BOT" duration-ms="3" status="PASS">
          <reporter-output>
          </reporter-output>
        </test-method> <!-- streamCollect -->
        <test-method signature="streamFilter()[pri:0, instance:test_cases.JavaStreams@446293d]" started-at="2022-06-04T10:28:08 BOT" name="streamFilter" finished-at="2022-06-04T10:28:08 BOT" duration-ms="2" status="PASS">
          <reporter-output>
          </reporter-output>
        </test-method> <!-- streamFilter -->
        <test-method signature="streamMap()[pri:0, instance:test_cases.JavaStreams@446293d]" started-at="2022-06-04T10:28:08 BOT" name="streamMap" finished-at="2022-06-04T10:28:08 BOT" duration-ms="3" status="PASS">
          <reporter-output>
          </reporter-output>
        </test-method> <!-- streamMap -->
      </class> <!-- test_cases.JavaStreams -->
    </test> <!-- Default test -->
  </suite> <!-- Default suite -->
</testng-results>
